#
# There is insufficient memory for the Java Runtime Environment to continue.
# Native memory allocation (malloc) failed to allocate 80816 bytes for Chunk::new
# Possible reasons:
#   The system is out of physical RAM or swap space
#   In 32 bit mode, the process size limit was hit
# Possible solutions:
#   Reduce memory load on the system
#   Increase physical memory or swap space
#   Check if swap backing store is full
#   Use 64 bit Java on a 64 bit OS
#   Decrease Java heap size (-Xmx/-Xms)
#   Decrease number of Java threads
#   Decrease Java thread stack sizes (-Xss)
#   Set larger code cache with -XX:ReservedCodeCacheSize=
# This output file may be truncated or incomplete.
#
#  Out of Memory Error (allocation.cpp:390), pid=17536, tid=0x0000000000002138
#
# JRE version: OpenJDK Runtime Environment (8.0) (build 1.8.0-adoptopenjdk-_2018_05_19_00_59-b00)
# Java VM: OpenJDK 64-Bit Server VM (25.71-b00 mixed mode windows-amd64 compressed oops)
# Failed to write core dump. Minidumps are not enabled by default on client versions of Windows
#

---------------  T H R E A D  ---------------

Current thread (0x000000001e3e0800):  JavaThread "C2 CompilerThread1" daemon [_thread_in_native, id=8504, stack(0x000000001ecb0000,0x000000001edb0000)]

Stack: [0x000000001ecb0000,0x000000001edb0000]
[error occurred during error reporting (printing stack bounds), id 0xc0000005]

Native frames: (J=compiled Java code, j=interpreted, Vv=VM code, C=native code)


Current CompileTask:
C2:   1883 2067       4       java.lang.Integer::parseInt (261 bytes)


---------------  P R O C E S S  ---------------

Java Threads: ( => current thread )
  0x000000001e474800 JavaThread "Service Thread" daemon [_thread_blocked, id=18668, stack(0x000000001efb0000,0x000000001f0b0000)]
  0x000000001e3ea800 JavaThread "C1 CompilerThread3" daemon [_thread_in_vm, id=27092, stack(0x000000001eeb0000,0x000000001efb0000)]
  0x000000001e3e4000 JavaThread "C2 CompilerThread2" daemon [_thread_in_native, id=1896, stack(0x000000001edb0000,0x000000001eeb0000)]
=>0x000000001e3e0800 JavaThread "C2 CompilerThread1" daemon [_thread_in_native, id=8504, stack(0x000000001ecb0000,0x000000001edb0000)]
  0x000000001e3dd800 JavaThread "C2 CompilerThread0" daemon [_thread_in_native, id=17288, stack(0x000000001ebb0000,0x000000001ecb0000)]
  0x000000001e3db000 JavaThread "Attach Listener" daemon [_thread_blocked, id=26812, stack(0x000000001eab0000,0x000000001ebb0000)]
  0x000000001e3da000 JavaThread "Signal Dispatcher" daemon [_thread_blocked, id=8264, stack(0x000000001e9b0000,0x000000001eab0000)]
  0x000000001e3d0800 JavaThread "Finalizer" daemon [_thread_blocked, id=3032, stack(0x000000001e7b0000,0x000000001e8b0000)]
  0x0000000002acb000 JavaThread "Reference Handler" daemon [_thread_blocked, id=29300, stack(0x000000001e2b0000,0x000000001e3b0000)]
  0x00000000029d5000 JavaThread "main" [_thread_in_vm, id=25136, stack(0x00000000028d0000,0x00000000029d0000)]

Other Threads:
  0x000000001c4e6800 VMThread [stack: 0x000000001e1b0000,0x000000001e2b0000] [id=16052]
  0x000000001e475800 WatcherThread [stack: 0x000000001f0b0000,0x000000001f1b0000] [id=3416]

VM state:not at safepoint (normal execution)

VM Mutex/Monitor currently owned by a thread: None

Heap:
 PSYoungGen      total 76288K, used 36781K [0x000000076b400000, 0x0000000770900000, 0x00000007c0000000)
  eden space 65536K, 46% used [0x000000076b400000,0x000000076d1dad70,0x000000076f400000)
  from space 10752K, 57% used [0x000000076f400000,0x000000076fa10a20,0x000000076fe80000)
  to   space 10752K, 0% used [0x000000076fe80000,0x000000076fe80000,0x0000000770900000)
 ParOldGen       total 175104K, used 88K [0x00000006c1c00000, 0x00000006cc700000, 0x000000076b400000)
  object space 175104K, 0% used [0x00000006c1c00000,0x00000006c1c16010,0x00000006cc700000)
 Metaspace       used 16083K, capacity 16468K, committed 16640K, reserved 1064960K
  class space    used 1847K, capacity 1996K, committed 2048K, reserved 1048576K

Card table byte_map: [0x0000000011e90000,0x0000000012690000] byte_map_base: 0x000000000e882000

Marking Bits: (ParMarkBitMap*) 0x00000000554bbe50
 Begin Bits: [0x00000000133e0000, 0x0000000017370000)
 End Bits:   [0x0000000017370000, 0x000000001b300000)

Polling page: 0x0000000000b40000

CodeCache: size=245760Kb used=7054Kb max_used=7054Kb free=238705Kb
 bounds [0x0000000002ad0000, 0x00000000031c0000, 0x0000000011ad0000]
 total_blobs=2460 nmethods=2058 adapters=315
 compilation: enabled

Compilation events (10 events):
Event: 1.876 Thread 0x000000001e3ea800 2057   !   3       sun.security.x509.AVA::toRFC2253CanonicalString (484 bytes)
Event: 1.879 Thread 0x000000001e3ea800 nmethod 2057 0x00000000031a3b90 code [0x00000000031a4320, 0x00000000031a9a28]
Event: 1.879 Thread 0x000000001e3ea800 2060       3       sun.security.util.ObjectIdentifier::toString (284 bytes)
Event: 1.880 Thread 0x000000001e3e0800 2067       4       java.lang.Integer::parseInt (261 bytes)
Event: 1.881 Thread 0x000000001e3ea800 nmethod 2060 0x00000000031ad990 code [0x00000000031add80, 0x00000000031b0ea8]
Event: 1.881 Thread 0x000000001e3ea800 2064       1       sun.security.x509.DNSName::getType (2 bytes)
Event: 1.881 Thread 0x000000001e3ea800 nmethod 2064 0x0000000003195190 code [0x00000000031952e0, 0x00000000031953f0]
Event: 1.881 Thread 0x000000001e3ea800 2049   !   3       java.lang.StringCoding::decode (120 bytes)
Event: 1.882 Thread 0x000000001e3ea800 nmethod 2049 0x00000000031b2a50 code [0x00000000031b2d80, 0x00000000031b47d8]
Event: 1.882 Thread 0x000000001e3ea800 2050   !   3       java.lang.StringCoding$StringDecoder::decode (179 bytes)

GC Heap History (2 events):
Event: 1.304 GC heap before
{Heap before GC invocations=1 (full 0):
 PSYoungGen      total 76288K, used 65536K [0x000000076b400000, 0x0000000770900000, 0x00000007c0000000)
  eden space 65536K, 100% used [0x000000076b400000,0x000000076f400000,0x000000076f400000)
  from space 10752K, 0% used [0x000000076fe80000,0x000000076fe80000,0x0000000770900000)
  to   space 10752K, 0% used [0x000000076f400000,0x000000076f400000,0x000000076fe80000)
 ParOldGen       total 175104K, used 0K [0x00000006c1c00000, 0x00000006cc700000, 0x000000076b400000)
  object space 175104K, 0% used [0x00000006c1c00000,0x00000006c1c00000,0x00000006cc700000)
 Metaspace       used 13079K, capacity 13334K, committed 13440K, reserved 1060864K
  class space    used 1547K, capacity 1623K, committed 1664K, reserved 1048576K
Event: 1.311 GC heap after
Heap after GC invocations=1 (full 0):
 PSYoungGen      total 76288K, used 6210K [0x000000076b400000, 0x0000000770900000, 0x00000007c0000000)
  eden space 65536K, 0% used [0x000000076b400000,0x000000076b400000,0x000000076f400000)
  from space 10752K, 57% used [0x000000076f400000,0x000000076fa10a20,0x000000076fe80000)
  to   space 10752K, 0% used [0x000000076fe80000,0x000000076fe80000,0x0000000770900000)
 ParOldGen       total 175104K, used 88K [0x00000006c1c00000, 0x00000006cc700000, 0x000000076b400000)
  object space 175104K, 0% used [0x00000006c1c00000,0x00000006c1c16010,0x00000006cc700000)
 Metaspace       used 13079K, capacity 13334K, committed 13440K, reserved 1060864K
  class space    used 1547K, capacity 1623K, committed 1664K, reserved 1048576K
}

Deoptimization events (10 events):
Event: 1.543 Thread 0x00000000029d5000 Uncommon trap: reason=unstable_if action=reinterpret pc=0x0000000002bfa000 method=java.lang.CharacterData.of(I)Ljava/lang/CharacterData; @ 4
Event: 1.549 Thread 0x00000000029d5000 Uncommon trap: reason=bimorphic action=maybe_recompile pc=0x0000000002f54a88 method=java.util.AbstractList$Itr.next()Ljava/lang/Object; @ 14
Event: 1.727 Thread 0x00000000029d5000 Uncommon trap: reason=unstable_if action=reinterpret pc=0x0000000003146d6c method=java.io.ByteArrayInputStream.read([BII)I @ 63
Event: 1.867 Thread 0x00000000029d5000 Uncommon trap: reason=unstable_if action=reinterpret pc=0x0000000002d2167c method=java.lang.CharacterDataLatin1.isWhitespace(I)Z @ 14
Event: 1.870 Thread 0x00000000029d5000 Uncommon trap: reason=unstable_if action=reinterpret pc=0x0000000003085684 method=sun.nio.cs.UTF_8$Decoder.decode([BII[C)I @ 30
Event: 1.871 Thread 0x00000000029d5000 Uncommon trap: reason=class_check action=maybe_recompile pc=0x0000000002f7a0a0 method=java.util.Hashtable.get(Ljava/lang/Object;)Ljava/lang/Object; @ 6
Event: 1.871 Thread 0x00000000029d5000 Uncommon trap: reason=class_check action=maybe_recompile pc=0x0000000002f7a0a0 method=java.util.Hashtable.get(Ljava/lang/Object;)Ljava/lang/Object; @ 6
Event: 1.871 Thread 0x00000000029d5000 Uncommon trap: reason=class_check action=maybe_recompile pc=0x0000000002f7a0a0 method=java.util.Hashtable.get(Ljava/lang/Object;)Ljava/lang/Object; @ 6
Event: 1.871 Thread 0x00000000029d5000 Uncommon trap: reason=class_check action=maybe_recompile pc=0x0000000002f7a0a0 method=java.util.Hashtable.get(Ljava/lang/Object;)Ljava/lang/Object; @ 6
Event: 1.878 Thread 0x00000000029d5000 Uncommon trap: reason=unstable_if action=reinterpret pc=0x0000000002ea7fb4 method=java.lang.String.indexOf([CII[CIII)I @ 27

Classes redefined (0 events):
No events

Internal exceptions (10 events):
Event: 1.222 Thread 0x00000000029d5000 Exception <a 'sun/nio/fs/WindowsException'> (0x000000076e66c528) thrown at [C:\Users\jenkins\workspace\openjdk8_build_x86-64_windows\openjdk\hotspot\src\share\vm\prims\jni.cpp, line 709]
Event: 1.222 Thread 0x00000000029d5000 Exception <a 'sun/nio/fs/WindowsException'> (0x000000076e66cb20) thrown at [C:\Users\jenkins\workspace\openjdk8_build_x86-64_windows\openjdk\hotspot\src\share\vm\prims\jni.cpp, line 709]
Event: 1.222 Thread 0x00000000029d5000 Exception <a 'sun/nio/fs/WindowsException'> (0x000000076e66e580) thrown at [C:\Users\jenkins\workspace\openjdk8_build_x86-64_windows\openjdk\hotspot\src\share\vm\prims\jni.cpp, line 709]
Event: 1.222 Thread 0x00000000029d5000 Exception <a 'sun/nio/fs/WindowsException'> (0x000000076e66eba8) thrown at [C:\Users\jenkins\workspace\openjdk8_build_x86-64_windows\openjdk\hotspot\src\share\vm\prims\jni.cpp, line 709]
Event: 1.222 Thread 0x00000000029d5000 Exception <a 'sun/nio/fs/WindowsException'> (0x000000076e66f698) thrown at [C:\Users\jenkins\workspace\openjdk8_build_x86-64_windows\openjdk\hotspot\src\share\vm\prims\jni.cpp, line 709]
Event: 1.222 Thread 0x00000000029d5000 Exception <a 'sun/nio/fs/WindowsException'> (0x000000076e66fd00) thrown at [C:\Users\jenkins\workspace\openjdk8_build_x86-64_windows\openjdk\hotspot\src\share\vm\prims\jni.cpp, line 709]
Event: 1.223 Thread 0x00000000029d5000 Exception <a 'sun/nio/fs/WindowsException'> (0x000000076e671978) thrown at [C:\Users\jenkins\workspace\openjdk8_build_x86-64_windows\openjdk\hotspot\src\share\vm\prims\jni.cpp, line 709]
Event: 1.223 Thread 0x00000000029d5000 Exception <a 'sun/nio/fs/WindowsException'> (0x000000076e672018) thrown at [C:\Users\jenkins\workspace\openjdk8_build_x86-64_windows\openjdk\hotspot\src\share\vm\prims\jni.cpp, line 709]
Event: 1.223 Thread 0x00000000029d5000 Exception <a 'sun/nio/fs/WindowsException'> (0x000000076e672b80) thrown at [C:\Users\jenkins\workspace\openjdk8_build_x86-64_windows\openjdk\hotspot\src\share\vm\prims\jni.cpp, line 709]
Event: 1.223 Thread 0x00000000029d5000 Exception <a 'sun/nio/fs/WindowsException'> (0x000000076e673260) thrown at [C:\Users\jenkins\workspace\openjdk8_build_x86-64_windows\openjdk\hotspot\src\share\vm\prims\jni.cpp, line 709]

Events (10 events):
Event: 1.881 loading class java/security/cert/CertPathValidator
Event: 1.881 loading class java/security/cert/CertPathValidator done
Event: 1.881 loading class java/security/cert/CertPathValidatorSpi
Event: 1.881 loading class java/security/cert/CertPathValidatorSpi done
Event: 1.881 loading class sun/security/provider/certpath/PKIXCertPathValidator
Event: 1.882 loading class sun/security/provider/certpath/PKIXCertPathValidator done
Event: 1.882 loading class sun/security/provider/certpath/X509CertPath
Event: 1.882 loading class java/security/cert/CertPath
Event: 1.883 loading class java/security/cert/CertPath done
Event: 1.883 loading class sun/security/provider/certpath/X509CertPath done


Dynamic libraries:
0x00007ff754cb0000 - 0x00007ff754ce5000 	C:\Program Files\Unity\Hub\Editor\2019.4.30f1\Editor\Data\PlaybackEngines\AndroidPlayer\OpenJDK\bin\java.exe
0x00007ffbad880000 - 0x00007ffbada70000 	C:\WINDOWS\SYSTEM32\ntdll.dll
0x00007ffbad2e0000 - 0x00007ffbad392000 	C:\WINDOWS\System32\KERNEL32.DLL
0x00007ffbaa850000 - 0x00007ffbaaaf5000 	C:\WINDOWS\System32\KERNELBASE.dll
0x00007ffba8940000 - 0x00007ffba89cf000 	C:\WINDOWS\SYSTEM32\apphelp.dll
0x00007ffbac590000 - 0x00007ffbac633000 	C:\WINDOWS\System32\ADVAPI32.dll
0x00007ffbad4e0000 - 0x00007ffbad57e000 	C:\WINDOWS\System32\msvcrt.dll
0x00007ffbad3c0000 - 0x00007ffbad457000 	C:\WINDOWS\System32\sechost.dll
0x00007ffbad580000 - 0x00007ffbad6a0000 	C:\WINDOWS\System32\RPCRT4.dll
0x00007ffbad6a0000 - 0x00007ffbad834000 	C:\WINDOWS\System32\USER32.dll
0x00007ffbab6b0000 - 0x00007ffbab6d1000 	C:\WINDOWS\System32\win32u.dll
0x00007ffbacf70000 - 0x00007ffbacf96000 	C:\WINDOWS\System32\GDI32.dll
0x00007ffbab3c0000 - 0x00007ffbab556000 	C:\WINDOWS\System32\gdi32full.dll
0x00007ffbaab00000 - 0x00007ffbaab9e000 	C:\WINDOWS\System32\msvcp_win.dll
0x00007ffbab810000 - 0x00007ffbab90a000 	C:\WINDOWS\System32\ucrtbase.dll
0x00007ffb9f230000 - 0x00007ffb9f4b4000 	C:\WINDOWS\WinSxS\amd64_microsoft.windows.common-controls_6595b64144ccf1df_6.0.18362.1256_none_9e7e379be45e40e2\COMCTL32.dll
0x00007ffbacfa0000 - 0x00007ffbad2d6000 	C:\WINDOWS\System32\combase.dll
0x00007ffbab330000 - 0x00007ffbab3b1000 	C:\WINDOWS\System32\bcryptPrimitives.dll
0x00007ffbacb80000 - 0x00007ffbacbae000 	C:\WINDOWS\System32\IMM32.DLL
0x0000000055800000 - 0x00000000558d2000 	C:\Program Files\Unity\Hub\Editor\2019.4.30f1\Editor\Data\PlaybackEngines\AndroidPlayer\OpenJDK\jre\bin\msvcr100.dll
0x0000000054cf0000 - 0x0000000055539000 	C:\Program Files\Unity\Hub\Editor\2019.4.30f1\Editor\Data\PlaybackEngines\AndroidPlayer\OpenJDK\jre\bin\server\jvm.dll
0x00007ffbacde0000 - 0x00007ffbacde8000 	C:\WINDOWS\System32\PSAPI.DLL
0x00007ffba7270000 - 0x00007ffba7279000 	C:\WINDOWS\SYSTEM32\WSOCK32.dll
0x00007ffba71f0000 - 0x00007ffba7214000 	C:\WINDOWS\SYSTEM32\WINMM.dll
0x00007ffba59f0000 - 0x00007ffba59fa000 	C:\WINDOWS\SYSTEM32\VERSION.dll
0x00007ffbacbb0000 - 0x00007ffbacc1f000 	C:\WINDOWS\System32\WS2_32.dll
0x00007ffba71c0000 - 0x00007ffba71ed000 	C:\WINDOWS\SYSTEM32\winmmbase.dll
0x00007ffbab7c0000 - 0x00007ffbab80a000 	C:\WINDOWS\System32\cfgmgr32.dll
0x00007ffb937e0000 - 0x00007ffb937ef000 	C:\Program Files\Unity\Hub\Editor\2019.4.30f1\Editor\Data\PlaybackEngines\AndroidPlayer\OpenJDK\jre\bin\verify.dll
0x00007ffb2a700000 - 0x00007ffb2a729000 	C:\Program Files\Unity\Hub\Editor\2019.4.30f1\Editor\Data\PlaybackEngines\AndroidPlayer\OpenJDK\jre\bin\java.dll
0x00007ffb2a6e0000 - 0x00007ffb2a6f6000 	C:\Program Files\Unity\Hub\Editor\2019.4.30f1\Editor\Data\PlaybackEngines\AndroidPlayer\OpenJDK\jre\bin\zip.dll
0x00007ffbab9e0000 - 0x00007ffbac0c7000 	C:\WINDOWS\System32\SHELL32.dll
0x00007ffbacdf0000 - 0x00007ffbace99000 	C:\WINDOWS\System32\shcore.dll
0x00007ffbaaba0000 - 0x00007ffbab321000 	C:\WINDOWS\System32\windows.storage.dll
0x00007ffbaa750000 - 0x00007ffbaa773000 	C:\WINDOWS\System32\profapi.dll
0x00007ffbaa7a0000 - 0x00007ffbaa7ea000 	C:\WINDOWS\System32\powrprof.dll
0x00007ffbaa720000 - 0x00007ffbaa730000 	C:\WINDOWS\System32\UMPDC.dll
0x00007ffbacc30000 - 0x00007ffbacc82000 	C:\WINDOWS\System32\shlwapi.dll
0x00007ffbaa730000 - 0x00007ffbaa741000 	C:\WINDOWS\System32\kernel.appcore.dll
0x00007ffbab910000 - 0x00007ffbab927000 	C:\WINDOWS\System32\cryptsp.dll
0x00007ffb2a6c0000 - 0x00007ffb2a6da000 	C:\Program Files\Unity\Hub\Editor\2019.4.30f1\Editor\Data\PlaybackEngines\AndroidPlayer\OpenJDK\jre\bin\net.dll
0x00007ffba9f70000 - 0x00007ffba9fd7000 	C:\WINDOWS\system32\mswsock.dll
0x00007ffb2a6a0000 - 0x00007ffb2a6b1000 	C:\Program Files\Unity\Hub\Editor\2019.4.30f1\Editor\Data\PlaybackEngines\AndroidPlayer\OpenJDK\jre\bin\nio.dll
0x00007ffb2a670000 - 0x00007ffb2a694000 	C:\Program Files\Unity\Hub\Editor\2019.4.30f1\Editor\Data\PlaybackEngines\AndroidPlayer\OpenJDK\jre\bin\sunec.dll
0x00007ffba9ae0000 - 0x00007ffba9b13000 	C:\WINDOWS\system32\rsaenh.dll
0x00007ffbab790000 - 0x00007ffbab7b6000 	C:\WINDOWS\System32\bcrypt.dll
0x00007ffbaa640000 - 0x00007ffbaa665000 	C:\WINDOWS\SYSTEM32\USERENV.dll
0x00007ffbaa140000 - 0x00007ffbaa14c000 	C:\WINDOWS\SYSTEM32\CRYPTBASE.dll
0x00007ffba9c80000 - 0x00007ffba9cba000 	C:\WINDOWS\SYSTEM32\IPHLPAPI.DLL
0x00007ffbac440000 - 0x00007ffbac448000 	C:\WINDOWS\System32\NSI.dll
0x00007ffba31e0000 - 0x00007ffba31f6000 	C:\WINDOWS\SYSTEM32\dhcpcsvc6.DLL
0x00007ffba4430000 - 0x00007ffba444c000 	C:\WINDOWS\SYSTEM32\dhcpcsvc.DLL
0x00007ffba9cc0000 - 0x00007ffba9d8b000 	C:\WINDOWS\SYSTEM32\DNSAPI.dll
0x00007ffb937d0000 - 0x00007ffb937db000 	C:\Program Files\Unity\Hub\Editor\2019.4.30f1\Editor\Data\PlaybackEngines\AndroidPlayer\OpenJDK\jre\bin\sunmscapi.dll
0x00007ffbab560000 - 0x00007ffbab6a9000 	C:\WINDOWS\System32\CRYPT32.dll
0x00007ffbaa780000 - 0x00007ffbaa792000 	C:\WINDOWS\System32\MSASN1.dll
0x00007ffb9c800000 - 0x00007ffb9c80a000 	C:\Windows\System32\rasadhlp.dll
0x00007ffba3280000 - 0x00007ffba32f7000 	C:\WINDOWS\System32\fwpuclnt.dll

VM Arguments:
jvm_args: -Dfile.encoding=UTF-8 -Dcom.android.sdklib.toolsdir=C:\Users\Chris\AppData\Local\Android\Sdk\tools\bin\\.. 
java_command: com.android.sdklib.tool.sdkmanager.SdkManagerCli --list
java_class_path (initial): C:\Users\Chris\AppData\Local\Android\Sdk\tools\bin\..\lib\dvlib-26.0.0-dev.jar;C:\Users\Chris\AppData\Local\Android\Sdk\tools\bin\..\lib\jimfs-1.1.jar;C:\Users\Chris\AppData\Local\Android\Sdk\tools\bin\..\lib\jsr305-1.3.9.jar;C:\Users\Chris\AppData\Local\Android\Sdk\tools\bin\..\lib\repository-26.0.0-dev.jar;C:\Users\Chris\AppData\Local\Android\Sdk\tools\bin\..\lib\j2objc-annotations-1.1.jar;C:\Users\Chris\AppData\Local\Android\Sdk\tools\bin\..\lib\layoutlib-api-26.0.0-dev.jar;C:\Users\Chris\AppData\Local\Android\Sdk\tools\bin\..\lib\gson-2.3.jar;C:\Users\Chris\AppData\Local\Android\Sdk\tools\bin\..\lib\httpcore-4.2.5.jar;C:\Users\Chris\AppData\Local\Android\Sdk\tools\bin\..\lib\commons-logging-1.1.1.jar;C:\Users\Chris\AppData\Local\Android\Sdk\tools\bin\..\lib\commons-compress-1.12.jar;C:\Users\Chris\AppData\Local\Android\Sdk\tools\bin\..\lib\annotations-26.0.0-dev.jar;C:\Users\Chris\AppData\Local\Android\Sdk\tools\bin\..\lib\error_prone_annotations-2.0.18.jar;C:\Users\Chris\AppData\Local\Android\Sdk\tools\bin\..\lib\animal-sniffer-annotations-1.14.jar;C:\Users\Chris\AppData\Local\Android\Sdk\tools\bin\..\lib\httpclient-4.2.6.jar;C:\Users\Chris\AppData\Local\Android\Sdk\tools\bin\..\lib\commons-codec-1.6.jar;C:\Users\Chris\AppData\Local\Android\Sdk\tools\bin\..\lib\common-26.0.0-dev.jar;C:\Users\Chris\AppData\Local\Android\Sdk\tools\bin\..\lib\kxml2-2.3.0.jar;C:\Users\Chris\AppData\Local\Android\Sdk\tools\bin\..\lib\httpmime-4.1.jar;C:\Users\Chris\AppData\Local\Android\Sdk\tools\bin\..\lib\annotations-12.0.jar;C:\Users\Chris\AppData\Local\Android\Sdk\tools\bin\..\lib\sdklib-26.0.0-dev.jar;C:\Users\Chris\AppData\Local\Android\Sdk\tools\bin\..\lib\guava-22.0.jar
Launcher Type: SUN_STANDARD

Environment Variables:
JAVA_HOME=C:/Program Files/Unity/Hub/Editor/2019.4.30f1/Editor/Data/PlaybackEngines/AndroidPlayer\OpenJDK
JAVA_TOOL_OPTIONS=-Dfile.encoding=UTF-8
CLASSPATH=C:\Users\Chris\AppData\Local\Android\Sdk\tools\bin\..\lib\dvlib-26.0.0-dev.jar;C:\Users\Chris\AppData\Local\Android\Sdk\tools\bin\..\lib\jimfs-1.1.jar;C:\Users\Chris\AppData\Local\Android\Sdk\tools\bin\..\lib\jsr305-1.3.9.jar;C:\Users\Chris\AppData\Local\Android\Sdk\tools\bin\..\lib\repository-26.0.0-dev.jar;C:\Users\Chris\AppData\Local\Android\Sdk\tools\bin\..\lib\j2objc-annotations-1.1.jar;C:\Users\Chris\AppData\Local\Android\Sdk\tools\bin\..\lib\layoutlib-api-26.0.0-dev.jar;C:\Users\Chris\AppData\Local\Android\Sdk\tools\bin\..\lib\gson-2.3.jar;C:\Users\Chris\AppData\Local\Android\Sdk\tools\bin\..\lib\httpcore-4.2.5.jar;C:\Users\Chris\AppData\Local\Android\Sdk\tools\bin\..\lib\commons-logging-1.1.1.jar;C:\Users\Chris\AppData\Local\Android\Sdk\tools\bin\..\lib\commons-compress-1.12.jar;C:\Users\Chris\AppData\Local\Android\Sdk\tools\bin\..\lib\annotations-26.0.0-dev.jar;C:\Users\Chris\AppData\Local\Android\Sdk\tools\bin\..\lib\error_prone_annotations-2.0.18.jar;C:\Users\Chris\AppData\Local\Android\Sdk\tools\bin\..\lib\animal-sniffer-annotations-1.14.jar;C:\Users\Chris\AppData\Local\Android\Sdk\tools\bin\..\lib\httpclient-4.2.6.jar;C:\Users\Chris\AppData\Local\Android\Sdk\tools\bin\..\lib\commons-codec-1.6.jar;C:\Users\Chris\AppData\Local\Android\Sdk\tools\bin\..\lib\common-26.0.0-dev.jar;C:\Users\Chris\AppData\Local\Android\Sdk\tools\bin\..\lib\kxml2-2.3.0.jar;C:\Users\Chris\AppData\Local\Android\Sdk\tools\bin\..\lib\httpmime-4.1.jar;C:\Users\Chris\AppData\Local\Android\Sdk\tools\bin\..\lib\annotations-12.0.jar;C:\Users\Chris\AppData\Local\Android\Sdk\tools\bin\..\lib\sdklib-26.0.0-dev.jar;C:\Users\Chris\AppData\Local\Android\Sdk\tools\bin\..\lib\guava-22.0.jar
PATH=C:\Program Files (x86)\Common Files\Oracle\Java\javapath;C:\Python38\Scripts\;C:\Python38\;C:\Program Files\Oculus\Support\oculus-runtime;C:\Program Files (x86)\Common Files\Intel\Shared Libraries\redist\intel64\compiler;C:\Program Files (x86)\Intel\iCLS Client\;C:\Program Files\Intel\iCLS Client\;C:\Windows\system32;C:\Windows;C:\Windows\System32\Wbem;C:\Windows\System32\WindowsPowerShell\v1.0\;C:\Program Files (x86)\Intel\Intel(R) Management Engine Components\DAL;C:\Program Files\Intel\Intel(R) Management Engine Components\DAL;C:\Program Files (x86)\Intel\Intel(R) Management Engine Components\IPT;C:\Program Files\Intel\Intel(R) Management Engine Components\IPT;C:\Program Files (x86)\NVIDIA Corporation\PhysX\Common;C:\Program Files (x86)\GtkSharp\2.12\bin;C:\Program Files (x86)\QuickTime\QTSystem\;C:\WINDOWS\system32;C:\WINDOWS;C:\WINDOWS\System32\Wbem;C:\WINDOWS\System32\WindowsPowerShell\v1.0\;C:\WINDOWS\System32\OpenSSH\;C:\Program Files\Git\cmd;C:\WINDOWS\system32;C:\WINDOWS;C:\WINDOWS\System32\Wbem;C:\WINDOWS\System32\WindowsPowerShell\v1.0\;C:\WINDOWS\System32\OpenSSH\;C:\Program Files\dotnet\;C:\Program Files\Microsoft SQL Server\130\Tools\Binn\;C:\Program Files\nodejs\;C:\ProgramData\chocolatey\bin;C:\Program Files\Microsoft SQL Server\Client SDK\ODBC\170\Tools\Binn\;C:\Program Files (x86)\Gpg4win\..\GnuPG\bin;C:\Users\Chris\AppData\Local\Microsoft\WindowsApps;;C:\Users\Chris\AppData\Local\Programs\Microsoft VS Code\bin;C:\Users\Chris\AppData\Roaming\npm;C:\Users\Chris\.dotnet\tools
USERNAME=Chris
OS=Windows_NT
PROCESSOR_IDENTIFIER=Intel64 Family 6 Model 158 Stepping 9, GenuineIntel



---------------  S Y S T E M  ---------------

OS: Windows 10.0 , 64 bit Build 18362 (10.0.18362.1110)

CPU:total 8 (initial active 8) (4 cores per cpu, 2 threads per core) family 6 model 158 stepping 9, cmov, cx8, fxsr, mmx, sse, sse2, sse3, ssse3, sse4.1, sse4.2, popcnt, avx, avx2, aes, clmul, erms, 3dnowpref, lzcnt, ht, tsc, tscinvbit, bmi1, bmi2, adx

Memory: 4k page, physical 16658020k(4660460k free), swap 41968800k(4320k free)

vm_info: OpenJDK 64-Bit Server VM (25.71-b00) for windows-amd64 JRE (1.8.0-adoptopenjdk-_2018_05_19_00_59-b00), built on May 19 2018 01:02:12 by "jenkins" with MS VC++ 10.0 (VS2010)

time: Sat Sep 25 12:24:50 2021
elapsed time: 1 seconds (0d 0h 0m 1s)

